# JRE version: OpenJDK Runtime Environment (11.0.12+7) (build 11.0.12+7-b1504.28-7817840)
# Java VM: OpenJDK 64-Bit Server VM (11.0.12+7-b1504.28-7817840, mixed mode, tiered, compressed oops, g1 gc, windows-amd64)
Heap:
 garbage-first heap   total 325632K, used 171573K [0x0000000080000000, 0x0000000100000000)
  region size 1024K, 150 young (153600K), 13 survivors (13312K)
 Metaspace       used 52860K, capacity 54118K, committed 54400K, reserved 1095680K
  class space    used 6749K, capacity 7233K, committed 7296K, reserved 1048576K
GC Heap History (10 events):
Event: 1.005 GC heap before
{Heap before GC invocations=0 (full 0):
 garbage-first heap   total 325632K, used 29696K [0x0000000080000000, 0x0000000100000000)
  region size 1024K, 24 young (24576K), 0 survivors (0K)
 Metaspace       used 10214K, capacity 10489K, committed 10624K, reserved 1058816K
  class space    used 1069K, capacity 1139K, committed 1152K, reserved 1048576K
}
Event: 1.009 GC heap after
{Heap after GC invocations=1 (full 0):
 garbage-first heap   total 325632K, used 9654K [0x0000000080000000, 0x0000000100000000)
  region size 1024K, 3 young (3072K), 3 survivors (3072K)
 Metaspace       used 10214K, capacity 10489K, committed 10624K, reserved 1058816K
  class space    used 1069K, capacity 1139K, committed 1152K, reserved 1048576K
}
Event: 3.165 GC heap before
{Heap before GC invocations=1 (full 0):
 garbage-first heap   total 325632K, used 111030K [0x0000000080000000, 0x0000000100000000)
  region size 1024K, 103 young (105472K), 3 survivors (3072K)
 Metaspace       used 20678K, capacity 21137K, committed 21248K, reserved 1067008K
  class space    used 2544K, capacity 2712K, committed 2816K, reserved 1048576K
}
Event: 3.174 GC heap after
{Heap after GC invocations=2 (full 0):
 garbage-first heap   total 325632K, used 16728K [0x0000000080000000, 0x0000000100000000)
  region size 1024K, 10 young (10240K), 10 survivors (10240K)
 Metaspace       used 20678K, capacity 21137K, committed 21248K, reserved 1067008K
  class space    used 2544K, capacity 2712K, committed 2816K, reserved 1048576K
}
Event: 4.068 GC heap before
{Heap before GC invocations=3 (full 0):
 garbage-first heap   total 325632K, used 79192K [0x0000000080000000, 0x0000000100000000)
  region size 1024K, 71 young (72704K), 10 survivors (10240K)
 Metaspace       used 27098K, capacity 27788K, committed 27904K, reserved 1073152K
  class space    used 3545K, capacity 3769K, committed 3840K, reserved 1048576K
}
Event: 4.077 GC heap after
{Heap after GC invocations=4 (full 0):
 garbage-first heap   total 325632K, used 19296K [0x0000000080000000, 0x0000000100000000)
  region size 1024K, 3 young (3072K), 3 survivors (3072K)
 Metaspace       used 27098K, capacity 27788K, committed 27904K, reserved 1073152K
  class space    used 3545K, capacity 3769K, committed 3840K, reserved 1048576K
}
Event: 4.849 GC heap before
{Heap before GC invocations=4 (full 0):
 garbage-first heap   total 325632K, used 68448K [0x0000000080000000, 0x0000000100000000)
  region size 1024K, 52 young (53248K), 3 survivors (3072K)
 Metaspace       used 34918K, capacity 35714K, committed 35840K, reserved 1081344K
  class space    used 4534K, capacity 4839K, committed 4864K, reserved 1048576K
}
Event: 4.859 GC heap after
{Heap after GC invocations=5 (full 0):
 garbage-first heap   total 325632K, used 21808K [0x0000000080000000, 0x0000000100000000)
  region size 1024K, 6 young (6144K), 6 survivors (6144K)
 Metaspace       used 34918K, capacity 35714K, committed 35840K, reserved 1081344K
  class space    used 4534K, capacity 4839K, committed 4864K, reserved 1048576K
}
Event: 7.263 GC heap before
{Heap before GC invocations=6 (full 0):
 garbage-first heap   total 325632K, used 136496K [0x0000000080000000, 0x0000000100000000)
  region size 1024K, 115 young (117760K), 6 survivors (6144K)
 Metaspace       used 44342K, capacity 45427K, committed 45568K, reserved 1089536K
  class space    used 5680K, capacity 6059K, committed 6144K, reserved 1048576K
}
Event: 7.276 GC heap after
{Heap after GC invocations=7 (full 0):
 garbage-first heap   total 325632K, used 29237K [0x0000000080000000, 0x0000000100000000)
  region size 1024K, 13 young (13312K), 13 survivors (13312K)
 Metaspace       used 44342K, capacity 45427K, committed 45568K, reserved 1089536K
  class space    used 5680K, capacity 6059K, committed 6144K, reserved 1048576K
}

